
> setify@1.0.0 watch:build
> nodemon --watch scss --watch js --ext scss,js --exec "npm run build && cp -r dist/* ./"

[33m[nodemon] 3.1.10[39m
[33m[nodemon] to restart at any time, enter `rs`[39m
[33m[nodemon] watching path(s): scss/**/* js/**/*[39m
[33m[nodemon] watching extensions: scss,js[39m
[32m[nodemon] starting `npm run build && cp -r dist/* ./`[39m
/Users/tinky-winky/projects/setify/node_modules/nodemon/node_modules/chokidar/lib/fsevents-handler.js:94
  const stop = fsevents.watch(path, callback);
                        ^

TypeError: fsevents.watch is not a function
    at createFSEventsInstance (/Users/tinky-winky/projects/setify/node_modules/nodemon/node_modules/chokidar/lib/fsevents-handler.js:94:25)
    at setFSEventsListener (/Users/tinky-winky/projects/setify/node_modules/nodemon/node_modules/chokidar/lib/fsevents-handler.js:150:16)
    at FsEventsHandler._watchWithFsEvents (/Users/tinky-winky/projects/setify/node_modules/nodemon/node_modules/chokidar/lib/fsevents-handler.js:353:18)
    at FsEventsHandler.initWatch (/Users/tinky-winky/projects/setify/node_modules/nodemon/node_modules/chokidar/lib/fsevents-handler.js:429:23)
    at FsEventsHandler._addToFsEvents (/Users/tinky-winky/projects/setify/node_modules/nodemon/node_modules/chokidar/lib/fsevents-handler.js:518:12)
    at process.processTicksAndRejections (node:internal/process/task_queues:105:5)

Node.js v22.10.0

> setify@1.0.0 build
> webpack --mode production

assets by path images/ 3.45 MiB
  assets by status 3.33 MiB [big]
    assets by path images/Projects/*.png 1.95 MiB 3 assets
    assets by path images/Before-after/*.png 1.37 MiB
      asset images/Before-after/After.png 718 KiB [emitted] [from: assets/images/Before-after/After.png] [copied] [big]
      asset images/Before-after/Before.png 688 KiB [emitted] [from: assets/images/Before-after/Before.png] [copied] [big]
  assets by path images/*.svg 6.19 KiB
    asset images/Logo.svg 5.42 KiB [emitted] [from: assets/images/Logo.svg] [copied]
    asset images/Favicon.svg 787 bytes [emitted] [from: assets/images/Favicon.svg] [copied]
  asset images/Process/Process.png 114 KiB [emitted] [from: assets/images/Process/Process.png] [copied]
  asset images/.DS_Store 6 KiB [emitted] [from: assets/images/.DS_Store] [copied]
assets by info 20.9 KiB [immutable]
  asset css/main.9af88b917389d4fab699.css 13.3 KiB [emitted] [immutable] (name: main)
  asset js/main.11d235ac00efec881432.js 7.62 KiB [emitted] [immutable] [minimized] (name: main)
asset index.html 11 KiB [emitted]
Entrypoint main 20.9 KiB = css/main.9af88b917389d4fab699.css 13.3 KiB js/main.11d235ac00efec881432.js 7.62 KiB
orphan modules 17.2 KiB (javascript) 975 bytes (runtime) [orphan] 10 modules
runtime modules 274 bytes 1 module
cacheable modules 12.2 KiB (javascript) 13.3 KiB (css/mini-extract)
  modules by path ./js/*.js 12.2 KiB
    ./js/index.js 330 bytes [built] [code generated]
    ./js/comparison-slider.js 4.06 KiB [built] [code generated]
    ./js/mobile-menu.js 3.53 KiB [built] [code generated]
    ./js/carousel.js 4.25 KiB [built] [code generated]
  modules by path ./scss/*.scss 50 bytes (javascript) 13.3 KiB (css/mini-extract)
    ./scss/general.scss 50 bytes [built] [code generated]
    css ./node_modules/css-loader/dist/cjs.js!./node_modules/sass-loader/dist/cjs.js??ruleSet[1].rules[1].use[2]!./scss/general.scss 13.3 KiB [built] [code generated]

WARNING in ./scss/general.scss (./scss/general.scss.webpack[javascript/auto]!=!./node_modules/css-loader/dist/cjs.js!./node_modules/sass-loader/dist/cjs.js??ruleSet[1].rules[1].use[2]!./scss/general.scss)
Module Warning (from ./node_modules/sass-loader/dist/cjs.js):
Deprecation Warning on line 3, column 8 of file:///Users/tinky-winky/projects/setify/scss/general.scss:3:8:
Sass @import rules are deprecated and will be removed in Dart Sass 3.0.0.

More info and automated migrator: https://sass-lang.com/d/import

3 | @import 'styles/colors';


scss/general.scss 4:9  root stylesheet
 @ ./scss/general.scss
 @ ./js/index.js 2:0-31

WARNING in ./scss/general.scss (./scss/general.scss.webpack[javascript/auto]!=!./node_modules/css-loader/dist/cjs.js!./node_modules/sass-loader/dist/cjs.js??ruleSet[1].rules[1].use[2]!./scss/general.scss)
Module Warning (from ./node_modules/sass-loader/dist/cjs.js):
Deprecation Warning on line 4, column 8 of file:///Users/tinky-winky/projects/setify/scss/general.scss:4:8:
Sass @import rules are deprecated and will be removed in Dart Sass 3.0.0.

More info and automated migrator: https://sass-lang.com/d/import

4 | @import 'styles/variables';


scss/general.scss 5:9  root stylesheet
 @ ./scss/general.scss
 @ ./js/index.js 2:0-31

WARNING in ./scss/general.scss (./scss/general.scss.webpack[javascript/auto]!=!./node_modules/css-loader/dist/cjs.js!./node_modules/sass-loader/dist/cjs.js??ruleSet[1].rules[1].use[2]!./scss/general.scss)
Module Warning (from ./node_modules/sass-loader/dist/cjs.js):
Deprecation Warning on line 5, column 2 of file:///Users/tinky-winky/projects/setify/scss/components/_sections.scss:5:2:
Sass's behavior for declarations that appear after nested
rules will be changing to match the behavior specified by CSS in an upcoming
version. To keep the existing behavior, move the declaration above the nested
rule. To opt into the new behavior, wrap the declaration in `& {}`.

More info: https://sass-lang.com/d/mixed-decls

5 |   max-width: $container-max-width;


scss/components/_sections.scss 6:3  @import
scss/general.scss 98:9              root stylesheet
 @ ./scss/general.scss
 @ ./js/index.js 2:0-31

WARNING in ./scss/general.scss (./scss/general.scss.webpack[javascript/auto]!=!./node_modules/css-loader/dist/cjs.js!./node_modules/sass-loader/dist/cjs.js??ruleSet[1].rules[1].use[2]!./scss/general.scss)
Module Warning (from ./node_modules/sass-loader/dist/cjs.js):
Deprecation Warning on line 5, column 8 of file:///Users/tinky-winky/projects/setify/scss/general.scss:5:8:
Sass @import rules are deprecated and will be removed in Dart Sass 3.0.0.

More info and automated migrator: https://sass-lang.com/d/import

5 | @import 'mixins/mixins';


scss/general.scss 6:9  root stylesheet
 @ ./scss/general.scss
 @ ./js/index.js 2:0-31

WARNING in ./scss/general.scss (./scss/general.scss.webpack[javascript/auto]!=!./node_modules/css-loader/dist/cjs.js!./node_modules/sass-loader/dist/cjs.js??ruleSet[1].rules[1].use[2]!./scss/general.scss)
Module Warning (from ./node_modules/sass-loader/dist/cjs.js):
Deprecation Warning on line 94, column 8 of file:///Users/tinky-winky/projects/setify/scss/general.scss:94:8:
Sass @import rules are deprecated and will be removed in Dart Sass 3.0.0.

More info and automated migrator: https://sass-lang.com/d/import

94 | @import 'styles/typography';


scss/general.scss 95:9  root stylesheet
 @ ./scss/general.scss
 @ ./js/index.js 2:0-31

WARNING in ./scss/general.scss (./scss/general.scss.webpack[javascript/auto]!=!./node_modules/css-loader/dist/cjs.js!./node_modules/sass-loader/dist/cjs.js??ruleSet[1].rules[1].use[2]!./scss/general.scss)
Module Warning (from ./node_modules/sass-loader/dist/cjs.js):
Deprecation Warning on line 97, column 8 of file:///Users/tinky-winky/projects/setify/scss/general.scss:97:8:
Sass @import rules are deprecated and will be removed in Dart Sass 3.0.0.

More info and automated migrator: https://sass-lang.com/d/import

97 | @import 'components/sections';


scss/general.scss 98:9  root stylesheet
 @ ./scss/general.scss
 @ ./js/index.js 2:0-31

WARNING in ./scss/general.scss (./scss/general.scss.webpack[javascript/auto]!=!./node_modules/css-loader/dist/cjs.js!./node_modules/sass-loader/dist/cjs.js??ruleSet[1].rules[1].use[2]!./scss/general.scss)
Module Warning (from ./node_modules/sass-loader/dist/cjs.js):
5 repetitive deprecation warnings omitted.
Run in verbose mode to see all warnings.
 @ ./scss/general.scss
 @ ./js/index.js 2:0-31

WARNING in asset size limit: The following asset(s) exceed the recommended size limit (244 KiB).
This can impact web performance.
Assets: 
  images/Before-after/After.png (718 KiB)
  images/Before-after/Before.png (688 KiB)
  images/Projects/08.png (423 KiB)
  images/Projects/Errors.png (1010 KiB)
  images/Projects/rootsy 1.png (564 KiB)

WARNING in webpack performance recommendations: 
You can limit the size of your bundles by using import() or require.ensure to lazy load some parts of your application.
For more info visit https://webpack.js.org/guides/code-splitting/

webpack 5.99.9 compiled with 9 warnings in 1890 ms
